<?xml version="1.0" encoding="UTF-8"?>
<!-- Generated by org.testng.reporters.JUnitReportReporter -->
<testsuite hostname="Sai" failures="0" tests="7" name="apitestingwithRestAssured.E2ETesting" time="4.314" errors="0" timestamp="26 Jul 2023 07:43:37 GMT" skipped="0">
  <testcase classname="apitestingwithRestAssured.E2ETesting" name="TC04_GetSingleEmployeeWithID" time="0.057"/>
  <testcase classname="apitestingwithRestAssured.E2ETesting" name="TC06_GetSingleEmployeeWithID" time="0.033"/>
  <testcase classname="apitestingwithRestAssured.E2ETesting" name="TC03_UpdateEmployee" time="0.102"/>
  <testcase classname="apitestingwithRestAssured.E2ETesting" name="TC02_PostEmployee" time="0.214"/>
  <testcase classname="apitestingwithRestAssured.E2ETesting" name="TC01_GetAllEmployees" time="3.802"/>
  <testcase classname="apitestingwithRestAssured.E2ETesting" name="TC05_DeleteEmployee" time="0.057"/>
  <testcase classname="apitestingwithRestAssured.E2ETesting" name="TC07_GetAllEmployees" time="0.049"/>
</testsuite> <!-- apitestingwithRestAssured.E2ETesting -->
